[ 2015-12-28T23:24:51+08:00 ] ::1 /mycms/upload/index.php/manage/login/
INFO: [ app_init ] --START--
INFO: Run Behavior\BuildLiteBehavior [ RunTime:0.000033s ]
INFO: [ app_init ] --END-- [ RunTime:0.000793s ]
INFO: [ app_begin ] --START--
INFO: Run Behavior\ReadHtmlCacheBehavior [ RunTime:0.000941s ]
INFO: [ app_begin ] --END-- [ RunTime:0.001106s ]
INFO: [ view_parse ] --START--
INFO: [ template_filter ] --START--
INFO: Run Behavior\ContentReplaceBehavior [ RunTime:0.000097s ]
INFO: [ template_filter ] --END-- [ RunTime:0.000234s ]
INFO: Run Behavior\ParseTemplateBehavior [ RunTime:0.056229s ]
INFO: [ view_parse ] --END-- [ RunTime:0.056439s ]
INFO: [ view_filter ] --START--
INFO: Run Behavior\WriteHtmlCacheBehavior [ RunTime:0.000767s ]
INFO: Run Behavior\TokenBuildBehavior [ RunTime:0.000746s ]
INFO: [ view_filter ] --END-- [ RunTime:0.001705s ]
INFO: [ app_end ] --START--
INFO: Run Behavior\ShowPageTraceBehavior [ RunTime:0.000962s ]
INFO: [ app_end ] --END-- [ RunTime:0.002295s ]

[ 2015-12-28T23:24:52+08:00 ] ::1 /mycms/upload/index.php/Manage/Verify/code?w=200&h=32
INFO: [ app_init ] --START--
INFO: Run Behavior\BuildLiteBehavior [ RunTime:0.000046s ]
INFO: [ app_init ] --END-- [ RunTime:0.000938s ]
INFO: [ app_begin ] --START--
INFO: Run Behavior\ReadHtmlCacheBehavior [ RunTime:0.001175s ]
INFO: [ app_begin ] --END-- [ RunTime:0.001411s ]
INFO: [ app_end ] --START--
INFO: Run Behavior\ShowPageTraceBehavior [ RunTime:0.001276s ]
INFO: [ app_end ] --END-- [ RunTime:0.001485s ]

[ 2015-12-28T23:25:09+08:00 ] ::1 /mycms/upload/index.php/manage/login/do_login
INFO: [ app_init ] --START--
INFO: Run Behavior\BuildLiteBehavior [ RunTime:0.000057s ]
INFO: [ app_init ] --END-- [ RunTime:0.001035s ]
INFO: [ app_begin ] --START--
INFO: Run Behavior\ReadHtmlCacheBehavior [ RunTime:0.000963s ]
INFO: [ app_begin ] --END-- [ RunTime:0.001122s ]
SQL: SHOW COLUMNS FROM `tuzi_admin` [ RunTime:0.0075s ]
SQL: SELECT `id`,`admin_name`,`admin_date`,`admin_ip`,`admin_ok` FROM `tuzi_admin` WHERE `admin_name` = 'admin' AND `admin_pass` = 'e10adc3949ba59abbe56e057f20f883e' LIMIT 1   [ RunTime:0.0005s ]
NOTIC: [8] A session had already been started - ignoring session_start() D:\wamp25\www\mycms\upload\App\Manage\Controller\LoginController.class.php 第 55 行.
SQL: UPDATE `tuzi_admin` SET `admin_date`='1451316309',`admin_ip`='0.0.0.0',`admin_login`=admin_login+1,`admin_olddate`='2015',`admin_oldip`='0.0.0.0' WHERE `id` = 1 [ RunTime:0.0155s ]
INFO: [ view_parse ] --START--
INFO: [ template_filter ] --START--
INFO: Run Behavior\ContentReplaceBehavior [ RunTime:0.000099s ]
INFO: [ template_filter ] --END-- [ RunTime:0.000298s ]
INFO: Run Behavior\ParseTemplateBehavior [ RunTime:0.021735s ]
INFO: [ view_parse ] --END-- [ RunTime:0.021888s ]
INFO: [ view_filter ] --START--
INFO: Run Behavior\WriteHtmlCacheBehavior [ RunTime:0.000762s ]
INFO: Run Behavior\TokenBuildBehavior [ RunTime:0.000774s ]
INFO: [ view_filter ] --END-- [ RunTime:0.001747s ]
INFO: [ app_end ] --START--
INFO: Run Behavior\ShowPageTraceBehavior [ RunTime:0.001529s ]
INFO: [ app_end ] --END-- [ RunTime:0.001737s ]

[ 2015-12-28T23:25:09+08:00 ] ::1 /mycms/upload/index.php/manage/login/css/index.css
INFO: [ app_init ] --START--
INFO: Run Behavior\BuildLiteBehavior [ RunTime:0.000053s ]
INFO: [ app_init ] --END-- [ RunTime:0.000785s ]
INFO: [ app_begin ] --START--
INFO: Run Behavior\ReadHtmlCacheBehavior [ RunTime:0.003206s ]
INFO: [ app_begin ] --END-- [ RunTime:0.003887s ]
ERR: 非法操作:css

[ 2015-12-28T23:25:10+08:00 ] ::1 /mycms/upload/index.php/manage/admin/index.html
INFO: [ app_init ] --START--
INFO: Run Behavior\BuildLiteBehavior [ RunTime:0.000034s ]
INFO: [ app_init ] --END-- [ RunTime:0.000865s ]
INFO: [ app_begin ] --START--
INFO: Run Behavior\ReadHtmlCacheBehavior [ RunTime:0.000891s ]
INFO: [ app_begin ] --END-- [ RunTime:0.001106s ]
NOTIC: [8] A session had already been started - ignoring session_start() D:\wamp25\www\mycms\upload\App\Manage\Controller\CommonController.class.php 第 18 行.
SQL: SHOW COLUMNS FROM `tuzi_column` [ RunTime:0.0071s ]
SQL: SELECT * FROM `tuzi_column` WHERE ( column_link=0 AND f_id=0 ) ORDER BY column_sort  [ RunTime:0.0008s ]
SQL: SHOW COLUMNS FROM `tuzi_model` [ RunTime:0.0051s ]
SQL: SELECT `model_table` FROM `tuzi_model` WHERE ( 1=1 AND id='6' ) LIMIT 1   [ RunTime:0.0004s ]
SQL: SELECT `model_table` FROM `tuzi_model` WHERE ( 1=1 AND id='1' ) LIMIT 1   [ RunTime:0.0003s ]
SQL: SELECT `model_table` FROM `tuzi_model` WHERE ( 1=1 AND id='2' ) LIMIT 1   [ RunTime:0.0004s ]
SQL: SELECT `model_table` FROM `tuzi_model` WHERE ( 1=1 AND id='4' ) LIMIT 1   [ RunTime:0.0005s ]
SQL: SELECT `model_table` FROM `tuzi_model` WHERE ( 1=1 AND id='5' ) LIMIT 1   [ RunTime:0.0013s ]
SQL: SELECT `model_table` FROM `tuzi_model` WHERE ( 1=1 AND id='6' ) LIMIT 1   [ RunTime:0.0005s ]
SQL: SELECT `model_table` FROM `tuzi_model` WHERE ( 1=1 AND id='6' ) LIMIT 1   [ RunTime:0.0005s ]
NOTIC: [8] Use of undefined constant index - assumed 'index' D:\wamp25\www\mycms\upload\App\Manage\Controller\AdminController.class.php 第 22 行.
NOTIC: [8] Use of undefined constant index - assumed 'index' D:\wamp25\www\mycms\upload\App\Manage\Controller\AdminController.class.php 第 22 行.
NOTIC: [8] Use of undefined constant index - assumed 'index' D:\wamp25\www\mycms\upload\App\Manage\Controller\AdminController.class.php 第 22 行.
NOTIC: [8] Use of undefined constant index - assumed 'index' D:\wamp25\www\mycms\upload\App\Manage\Controller\AdminController.class.php 第 22 行.
NOTIC: [8] Use of undefined constant index - assumed 'index' D:\wamp25\www\mycms\upload\App\Manage\Controller\AdminController.class.php 第 22 行.
NOTIC: [8] Use of undefined constant index - assumed 'index' D:\wamp25\www\mycms\upload\App\Manage\Controller\AdminController.class.php 第 22 行.
NOTIC: [8] Use of undefined constant index - assumed 'index' D:\wamp25\www\mycms\upload\App\Manage\Controller\AdminController.class.php 第 22 行.
SQL: SHOW COLUMNS FROM `tuzi_adnav` [ RunTime:0.0079s ]
SQL: SELECT * FROM `tuzi_adnav` ORDER BY id  [ RunTime:0.0005s ]
NOTIC: [8] Use of undefined constant Advert - assumed 'Advert' D:\wamp25\www\mycms\upload\App\Manage\Controller\AdminController.class.php 第 35 行.
NOTIC: [8] Use of undefined constant index - assumed 'index' D:\wamp25\www\mycms\upload\App\Manage\Controller\AdminController.class.php 第 35 行.
NOTIC: [8] Use of undefined constant Advert - assumed 'Advert' D:\wamp25\www\mycms\upload\App\Manage\Controller\AdminController.class.php 第 35 行.
NOTIC: [8] Use of undefined constant index - assumed 'index' D:\wamp25\www\mycms\upload\App\Manage\Controller\AdminController.class.php 第 35 行.
NOTIC: [8] Use of undefined constant Advert - assumed 'Advert' D:\wamp25\www\mycms\upload\App\Manage\Controller\AdminController.class.php 第 35 行.
NOTIC: [8] Use of undefined constant index - assumed 'index' D:\wamp25\www\mycms\upload\App\Manage\Controller\AdminController.class.php 第 35 行.
NOTIC: [8] Use of undefined constant Advert - assumed 'Advert' D:\wamp25\www\mycms\upload\App\Manage\Controller\AdminController.class.php 第 35 行.
NOTIC: [8] Use of undefined constant index - assumed 'index' D:\wamp25\www\mycms\upload\App\Manage\Controller\AdminController.class.php 第 35 行.
NOTIC: [8] Use of undefined constant Advert - assumed 'Advert' D:\wamp25\www\mycms\upload\App\Manage\Controller\AdminController.class.php 第 35 行.
NOTIC: [8] Use of undefined constant index - assumed 'index' D:\wamp25\www\mycms\upload\App\Manage\Controller\AdminController.class.php 第 35 行.
NOTIC: [8] Use of undefined constant Advert - assumed 'Advert' D:\wamp25\www\mycms\upload\App\Manage\Controller\AdminController.class.php 第 35 行.
NOTIC: [8] Use of undefined constant index - assumed 'index' D:\wamp25\www\mycms\upload\App\Manage\Controller\AdminController.class.php 第 35 行.
SQL: SHOW COLUMNS FROM `tuzi_admin` [ RunTime:0.0057s ]
SQL: SELECT * FROM `tuzi_admin` WHERE `id` = 1 LIMIT 1   [ RunTime:0.0004s ]
SQL: SHOW COLUMNS FROM `tuzi_config` [ RunTime:0.0057s ]
SQL: SELECT `config_webname` FROM `tuzi_config`  [ RunTime:0.0004s ]
INFO: [ view_parse ] --START--
INFO: [ template_filter ] --START--
INFO: Run Behavior\ContentReplaceBehavior [ RunTime:0.000234s ]
INFO: [ template_filter ] --END-- [ RunTime:0.000511s ]
INFO: Run Behavior\ParseTemplateBehavior [ RunTime:0.034672s ]
INFO: [ view_parse ] --END-- [ RunTime:0.034901s ]
INFO: [ view_filter ] --START--
INFO: Run Behavior\WriteHtmlCacheBehavior [ RunTime:0.001048s ]
INFO: Run Behavior\TokenBuildBehavior [ RunTime:0.001638s ]
INFO: [ view_filter ] --END-- [ RunTime:0.002974s ]
INFO: [ app_end ] --START--
INFO: Run Behavior\ShowPageTraceBehavior [ RunTime:0.001461s ]
INFO: [ app_end ] --END-- [ RunTime:0.001710s ]

[ 2015-12-28T23:25:11+08:00 ] ::1 /mycms/upload/index.php/manage/admin/right.html
INFO: [ app_init ] --START--
INFO: Run Behavior\BuildLiteBehavior [ RunTime:0.000034s ]
INFO: [ app_init ] --END-- [ RunTime:0.001197s ]
INFO: [ app_begin ] --START--
INFO: Run Behavior\ReadHtmlCacheBehavior [ RunTime:0.001806s ]
INFO: [ app_begin ] --END-- [ RunTime:0.002293s ]
NOTIC: [8] A session had already been started - ignoring session_start() D:\wamp25\www\mycms\upload\App\Manage\Controller\CommonController.class.php 第 18 行.
SQL: SHOW COLUMNS FROM `tuzi_admin` [ RunTime:0.0073s ]
SQL: SELECT * FROM `tuzi_admin` WHERE `id` = 1 LIMIT 1   [ RunTime:0.0010s ]
SQL: SHOW COLUMNS FROM `tuzi_user` [ RunTime:0.0058s ]
SQL: SELECT COUNT(*) AS tp_count FROM `tuzi_user` LIMIT 1   [ RunTime:0.0003s ]
SQL: SHOW COLUMNS FROM `tuzi_news` [ RunTime:0.0099s ]
SQL: SELECT COUNT(*) AS tp_count FROM `tuzi_news` LIMIT 1   [ RunTime:0.0010s ]
SQL: SHOW COLUMNS FROM `tuzi_guestbook` [ RunTime:0.0058s ]
SQL: SELECT COUNT(*) AS tp_count FROM `tuzi_guestbook` LIMIT 1   [ RunTime:0.0003s ]
SQL: SHOW COLUMNS FROM `tuzi_advert` [ RunTime:0.0083s ]
SQL: SELECT COUNT(*) AS tp_count FROM `tuzi_advert` LIMIT 1   [ RunTime:0.0004s ]
SQL: SHOW COLUMNS FROM `tuzi_notice` [ RunTime:0.0072s ]
SQL: SELECT COUNT(*) AS tp_count FROM `tuzi_notice` LIMIT 1   [ RunTime:0.0004s ]
SQL: SHOW TABLE STATUS [ RunTime:0.0020s ]
INFO: [ view_parse ] --START--
INFO: [ template_filter ] --START--
INFO: Run Behavior\ContentReplaceBehavior [ RunTime:0.000278s ]
INFO: [ template_filter ] --END-- [ RunTime:0.000539s ]
NOTIC: [8] Undefined variable: sitename D:\wamp25\www\mycms\upload\App\Runtime\Cache\Manage\95db2d552a62159e2c20aaf14f39664c.php 第 5 行.
NOTIC: [8192] mysql_get_server_info(): The mysql extension is deprecated and will be removed in the future: use mysqli or PDO instead D:\wamp25\www\mycms\upload\App\Runtime\Cache\Manage\95db2d552a62159e2c20aaf14f39664c.php 第 64 行.
INFO: Run Behavior\ParseTemplateBehavior [ RunTime:0.055623s ]
INFO: [ view_parse ] --END-- [ RunTime:0.055878s ]
INFO: [ view_filter ] --START--
INFO: Run Behavior\WriteHtmlCacheBehavior [ RunTime:0.000872s ]
INFO: Run Behavior\TokenBuildBehavior [ RunTime:0.001169s ]
INFO: [ view_filter ] --END-- [ RunTime:0.002329s ]
INFO: [ app_end ] --START--
INFO: Run Behavior\ShowPageTraceBehavior [ RunTime:0.001608s ]
INFO: [ app_end ] --END-- [ RunTime:0.001879s ]

[ 2015-12-28T23:25:15+08:00 ] ::1 /mycms/upload/index.php/manage/system/pcruntime.html
INFO: [ app_init ] --START--
INFO: Run Behavior\BuildLiteBehavior [ RunTime:0.000034s ]
INFO: [ app_init ] --END-- [ RunTime:0.000688s ]
INFO: [ app_begin ] --START--
INFO: Run Behavior\ReadHtmlCacheBehavior [ RunTime:0.002092s ]
INFO: [ app_begin ] --END-- [ RunTime:0.002657s ]
NOTIC: [8] A session had already been started - ignoring session_start() D:\wamp25\www\mycms\upload\App\Manage\Controller\CommonController.class.php 第 18 行.
INFO: [ view_parse ] --START--
INFO: [ template_filter ] --START--
INFO: Run Behavior\ContentReplaceBehavior [ RunTime:0.000180s ]
INFO: [ template_filter ] --END-- [ RunTime:0.000519s ]
NOTIC: [8] Undefined variable: sitename D:\wamp25\www\mycms\upload\App\Runtime\Cache\Manage\0bf68f112091215f110aa261b8d21a52.php 第 5 行.
INFO: Run Behavior\ParseTemplateBehavior [ RunTime:0.017977s ]
INFO: [ view_parse ] --END-- [ RunTime:0.018125s ]
INFO: [ view_filter ] --START--
INFO: Run Behavior\WriteHtmlCacheBehavior [ RunTime:0.000789s ]
INFO: Run Behavior\TokenBuildBehavior [ RunTime:0.000747s ]
INFO: [ view_filter ] --END-- [ RunTime:0.001784s ]
INFO: [ app_end ] --START--
INFO: Run Behavior\ShowPageTraceBehavior [ RunTime:0.000861s ]
INFO: [ app_end ] --END-- [ RunTime:0.000985s ]

[ 2015-12-28T23:25:16+08:00 ] ::1 /mycms/upload/index.php/manage/personal/index.html
INFO: [ app_init ] --START--
INFO: Run Behavior\BuildLiteBehavior [ RunTime:0.000029s ]
INFO: [ app_init ] --END-- [ RunTime:0.000605s ]
INFO: [ app_begin ] --START--
INFO: Run Behavior\ReadHtmlCacheBehavior [ RunTime:0.001307s ]
INFO: [ app_begin ] --END-- [ RunTime:0.001498s ]
NOTIC: [8] A session had already been started - ignoring session_start() D:\wamp25\www\mycms\upload\App\Manage\Controller\CommonController.class.php 第 18 行.
SQL: SHOW COLUMNS FROM `tuzi_admin` [ RunTime:0.0058s ]
SQL: SELECT * FROM `tuzi_admin` WHERE `id` = 1 LIMIT 1   [ RunTime:0.0005s ]
INFO: [ view_parse ] --START--
INFO: [ template_filter ] --START--
INFO: Run Behavior\ContentReplaceBehavior [ RunTime:0.000107s ]
INFO: [ template_filter ] --END-- [ RunTime:0.000251s ]
NOTIC: [8] Undefined variable: sitename D:\wamp25\www\mycms\upload\App\Runtime\Cache\Manage\a85fb45c00d174b565ecf1ae660fa853.php 第 5 行.
INFO: Run Behavior\ParseTemplateBehavior [ RunTime:0.016642s ]
INFO: [ view_parse ] --END-- [ RunTime:0.016776s ]
INFO: [ view_filter ] --START--
INFO: Run Behavior\WriteHtmlCacheBehavior [ RunTime:0.000972s ]
INFO: Run Behavior\TokenBuildBehavior [ RunTime:0.000922s ]
INFO: [ view_filter ] --END-- [ RunTime:0.002122s ]
INFO: [ app_end ] --START--
INFO: Run Behavior\ShowPageTraceBehavior [ RunTime:0.001175s ]
INFO: [ app_end ] --END-- [ RunTime:0.001353s ]

[ 2015-12-28T23:25:17+08:00 ] ::1 /mycms/upload/index.php/manage/system/index.html
INFO: [ app_init ] --START--
INFO: Run Behavior\BuildLiteBehavior [ RunTime:0.000029s ]
INFO: [ app_init ] --END-- [ RunTime:0.000586s ]
INFO: [ app_begin ] --START--
INFO: Run Behavior\ReadHtmlCacheBehavior [ RunTime:0.001001s ]
INFO: [ app_begin ] --END-- [ RunTime:0.001210s ]
NOTIC: [8] A session had already been started - ignoring session_start() D:\wamp25\www\mycms\upload\App\Manage\Controller\CommonController.class.php 第 18 行.
SQL: SHOW COLUMNS FROM `tuzi_config` [ RunTime:0.0067s ]
SQL: SELECT * FROM `tuzi_config`  [ RunTime:0.0005s ]
INFO: [ view_parse ] --START--
INFO: [ template_filter ] --START--
INFO: Run Behavior\ContentReplaceBehavior [ RunTime:0.000152s ]
INFO: [ template_filter ] --END-- [ RunTime:0.000365s ]
NOTIC: [8] Undefined variable: sitename D:\wamp25\www\mycms\upload\App\Runtime\Cache\Manage\75488d4f29b619df1dbb7c36c2f4eb5d.php 第 5 行.
INFO: Run Behavior\ParseTemplateBehavior [ RunTime:0.017387s ]
INFO: [ view_parse ] --END-- [ RunTime:0.017590s ]
INFO: [ view_filter ] --START--
INFO: Run Behavior\WriteHtmlCacheBehavior [ RunTime:0.000962s ]
INFO: Run Behavior\TokenBuildBehavior [ RunTime:0.000763s ]
INFO: [ view_filter ] --END-- [ RunTime:0.001964s ]
INFO: [ app_end ] --START--
INFO: Run Behavior\ShowPageTraceBehavior [ RunTime:0.001120s ]
INFO: [ app_end ] --END-- [ RunTime:0.001333s ]

[ 2015-12-28T23:25:17+08:00 ] ::1 /mycms/upload/index.php/manage/banner/index.html
INFO: [ app_init ] --START--
INFO: Run Behavior\BuildLiteBehavior [ RunTime:0.000037s ]
INFO: [ app_init ] --END-- [ RunTime:0.000585s ]
INFO: [ app_begin ] --START--
INFO: Run Behavior\ReadHtmlCacheBehavior [ RunTime:0.001259s ]
INFO: [ app_begin ] --END-- [ RunTime:0.001531s ]
NOTIC: [8] A session had already been started - ignoring session_start() D:\wamp25\www\mycms\upload\App\Manage\Controller\CommonController.class.php 第 18 行.
SQL: SHOW COLUMNS FROM `tuzi_column` [ RunTime:0.0062s ]
SQL: SELECT * FROM `tuzi_column` WHERE ( column_link=0 AND f_id=0 ) ORDER BY column_sort  [ RunTime:0.0007s ]
SQL: SHOW COLUMNS FROM `tuzi_model` [ RunTime:0.0069s ]
SQL: SELECT `model_table` FROM `tuzi_model` WHERE ( 1=1 AND id='6' ) LIMIT 1   [ RunTime:0.0004s ]
SQL: SELECT `model_table` FROM `tuzi_model` WHERE ( 1=1 AND id='1' ) LIMIT 1   [ RunTime:0.0004s ]
SQL: SELECT `model_table` FROM `tuzi_model` WHERE ( 1=1 AND id='2' ) LIMIT 1   [ RunTime:0.0004s ]
SQL: SELECT `model_table` FROM `tuzi_model` WHERE ( 1=1 AND id='4' ) LIMIT 1   [ RunTime:0.0004s ]
SQL: SELECT `model_table` FROM `tuzi_model` WHERE ( 1=1 AND id='5' ) LIMIT 1   [ RunTime:0.0003s ]
SQL: SELECT `model_table` FROM `tuzi_model` WHERE ( 1=1 AND id='6' ) LIMIT 1   [ RunTime:0.0003s ]
SQL: SELECT `model_table` FROM `tuzi_model` WHERE ( 1=1 AND id='6' ) LIMIT 1   [ RunTime:0.0004s ]
SQL: SELECT * FROM `tuzi_column` WHERE ( column_link=0 AND f_id=0 ) ORDER BY column_sort LIMIT 0,5   [ RunTime:0.0006s ]
SQL: SELECT `model_table` FROM `tuzi_model` WHERE ( 1=1 AND id='6' ) LIMIT 1   [ RunTime:0.0005s ]
SQL: SELECT `model_table` FROM `tuzi_model` WHERE ( 1=1 AND id='1' ) LIMIT 1   [ RunTime:0.0004s ]
SQL: SELECT `model_table` FROM `tuzi_model` WHERE ( 1=1 AND id='2' ) LIMIT 1   [ RunTime:0.0007s ]
SQL: SELECT `model_table` FROM `tuzi_model` WHERE ( 1=1 AND id='4' ) LIMIT 1   [ RunTime:0.0004s ]
SQL: SELECT `model_table` FROM `tuzi_model` WHERE ( 1=1 AND id='5' ) LIMIT 1   [ RunTime:0.0004s ]
INFO: [ view_parse ] --START--
INFO: [ template_filter ] --START--
INFO: Run Behavior\ContentReplaceBehavior [ RunTime:0.000117s ]
INFO: [ template_filter ] --END-- [ RunTime:0.000261s ]
NOTIC: [8] Undefined variable: sitename D:\wamp25\www\mycms\upload\App\Runtime\Cache\Manage\c1c0abc4e553571a76bac675197a8eca.php 第 5 行.
NOTIC: [8] Use of undefined constant not - assumed 'not' D:\wamp25\www\mycms\upload\App\Runtime\Cache\Manage\c1c0abc4e553571a76bac675197a8eca.php 第 32 行.
NOTIC: [8] Undefined variable: ifid D:\wamp25\www\mycms\upload\App\Runtime\Cache\Manage\c1c0abc4e553571a76bac675197a8eca.php 第 32 行.
INFO: Run Behavior\ParseTemplateBehavior [ RunTime:0.020256s ]
INFO: [ view_parse ] --END-- [ RunTime:0.020469s ]
INFO: [ view_filter ] --START--
INFO: Run Behavior\WriteHtmlCacheBehavior [ RunTime:0.000709s ]
INFO: Run Behavior\TokenBuildBehavior [ RunTime:0.000907s ]
INFO: [ view_filter ] --END-- [ RunTime:0.001969s ]
INFO: [ app_end ] --START--
INFO: Run Behavior\ShowPageTraceBehavior [ RunTime:0.001207s ]
INFO: [ app_end ] --END-- [ RunTime:0.001462s ]

[ 2015-12-28T23:25:23+08:00 ] ::1 /mycms/upload/index.php/Manage/Advert/index/id/2
INFO: [ app_init ] --START--
INFO: Run Behavior\BuildLiteBehavior [ RunTime:0.000033s ]
INFO: [ app_init ] --END-- [ RunTime:0.000628s ]
INFO: [ app_begin ] --START--
INFO: Run Behavior\ReadHtmlCacheBehavior [ RunTime:0.001059s ]
INFO: [ app_begin ] --END-- [ RunTime:0.001241s ]
NOTIC: [8] A session had already been started - ignoring session_start() D:\wamp25\www\mycms\upload\App\Manage\Controller\CommonController.class.php 第 18 行.
SQL: SHOW COLUMNS FROM `tuzi_adnav` [ RunTime:0.0066s ]
SQL: SELECT * FROM `tuzi_adnav` WHERE ( id=2 )  [ RunTime:0.0005s ]
SQL: SHOW COLUMNS FROM `tuzi_advert` [ RunTime:0.0065s ]
SQL: SELECT * FROM `tuzi_advert` WHERE `advert_nav` = 2 ORDER BY advert_sort  [ RunTime:0.0006s ]
SQL: SHOW COLUMNS FROM `tuzi_adnav` [ RunTime:0.0051s ]
SQL: SELECT `adnav_name` FROM `tuzi_adnav` WHERE ( 1=1 AND id='2' ) LIMIT 1   [ RunTime:0.0004s ]
SQL: SELECT `adnav_name` FROM `tuzi_adnav` WHERE ( 1=1 AND id='2' ) LIMIT 1   [ RunTime:0.0003s ]
SQL: SELECT `adnav_name` FROM `tuzi_adnav` WHERE ( 1=1 AND id='2' ) LIMIT 1   [ RunTime:0.0004s ]
SQL: SELECT * FROM `tuzi_advert` WHERE `advert_nav` = 2 ORDER BY advert_sort,id desc LIMIT 0,5   [ RunTime:0.0006s ]
SQL: SELECT `adnav_name` FROM `tuzi_adnav` WHERE ( 1=1 AND id='2' ) LIMIT 1   [ RunTime:0.0008s ]
SQL: SELECT `adnav_name` FROM `tuzi_adnav` WHERE ( 1=1 AND id='2' ) LIMIT 1   [ RunTime:0.0008s ]
SQL: SELECT `adnav_name` FROM `tuzi_adnav` WHERE ( 1=1 AND id='2' ) LIMIT 1   [ RunTime:0.0007s ]
INFO: [ view_parse ] --START--
INFO: [ template_filter ] --START--
INFO: Run Behavior\ContentReplaceBehavior [ RunTime:0.000142s ]
INFO: [ template_filter ] --END-- [ RunTime:0.000300s ]
NOTIC: [8] Undefined variable: sitename D:\wamp25\www\mycms\upload\App\Runtime\Cache\Manage\d30e9465772f934bd9e2d514feea156c.php 第 5 行.
NOTIC: [8] Use of undefined constant not - assumed 'not' D:\wamp25\www\mycms\upload\App\Runtime\Cache\Manage\d30e9465772f934bd9e2d514feea156c.php 第 32 行.
NOTIC: [8] Undefined variable: ifid D:\wamp25\www\mycms\upload\App\Runtime\Cache\Manage\d30e9465772f934bd9e2d514feea156c.php 第 32 行.
NOTIC: [8] Undefined variable: keyword D:\wamp25\www\mycms\upload\App\Runtime\Cache\Manage\d30e9465772f934bd9e2d514feea156c.php 第 50 行.
INFO: Run Behavior\ParseTemplateBehavior [ RunTime:0.019873s ]
INFO: [ view_parse ] --END-- [ RunTime:0.020068s ]
INFO: [ view_filter ] --START--
INFO: Run Behavior\WriteHtmlCacheBehavior [ RunTime:0.000721s ]
INFO: Run Behavior\TokenBuildBehavior [ RunTime:0.001101s ]
INFO: [ view_filter ] --END-- [ RunTime:0.002135s ]
INFO: [ app_end ] --START--
INFO: Run Behavior\ShowPageTraceBehavior [ RunTime:0.001673s ]
INFO: [ app_end ] --END-- [ RunTime:0.001974s ]

