[ 2015-12-28T23:24:53+08:00 ] ::1 /mycms/upload/index.php
INFO: [ app_init ] --START--
INFO: Run Behavior\BuildLiteBehavior [ RunTime:0.000052s ]
INFO: [ app_init ] --END-- [ RunTime:0.000786s ]
INFO: [ app_begin ] --START--
INFO: Run Behavior\ReadHtmlCacheBehavior [ RunTime:0.000638s ]
INFO: [ app_begin ] --END-- [ RunTime:0.000827s ]
SQL: SHOW COLUMNS FROM `tuzi_config` [ RunTime:0.0078s ]
SQL: SELECT `config_webtitle`,`config_webkw`,`config_cp`,`config_company` FROM `tuzi_config` LIMIT 1   [ RunTime:0.0008s ]
INFO: [ view_parse ] --START--
INFO: [ template_filter ] --START--
INFO: Run Behavior\ContentReplaceBehavior [ RunTime:0.000466s ]
INFO: [ template_filter ] --END-- [ RunTime:0.000768s ]
SQL: SHOW COLUMNS FROM `tuzi_column` [ RunTime:0.0072s ]
SQL: SELECT `id`,`f_id`,`column_name`,`column_ename`,`column_url`,`column_type`,`column_sort`,`column_status`,`column_link` FROM `tuzi_column` WHERE ( column_status=0 ) ORDER BY column_sort  [ RunTime:0.0007s ]
SQL: SHOW COLUMNS FROM `tuzi_model` [ RunTime:0.0057s ]
SQL: SELECT `model_table` FROM `tuzi_model` WHERE ( 1=1 AND id='1' ) LIMIT 1   [ RunTime:0.0113s ]
SQL: SELECT `model_table` FROM `tuzi_model` WHERE ( 1=1 AND id='2' ) LIMIT 1   [ RunTime:0.0005s ]
SQL: SELECT `model_table` FROM `tuzi_model` WHERE ( 1=1 AND id='6' ) LIMIT 1   [ RunTime:0.0004s ]
SQL: SELECT `model_table` FROM `tuzi_model` WHERE ( 1=1 AND id='5' ) LIMIT 1   [ RunTime:0.0004s ]
SQL: SELECT `model_table` FROM `tuzi_model` WHERE ( 1=1 AND id='5' ) LIMIT 1   [ RunTime:0.0003s ]
SQL: SELECT `model_table` FROM `tuzi_model` WHERE ( 1=1 AND id='4' ) LIMIT 1   [ RunTime:0.0003s ]
SQL: SELECT `model_table` FROM `tuzi_model` WHERE ( 1=1 AND id='2' ) LIMIT 1   [ RunTime:0.0004s ]
SQL: SELECT `model_table` FROM `tuzi_model` WHERE ( 1=1 AND id='6' ) LIMIT 1   [ RunTime:0.0003s ]
SQL: SELECT `model_table` FROM `tuzi_model` WHERE ( 1=1 AND id='6' ) LIMIT 1   [ RunTime:0.0003s ]
SQL: SELECT `model_table` FROM `tuzi_model` WHERE ( 1=1 AND id='1' ) LIMIT 1   [ RunTime:0.0003s ]
SQL: SELECT `model_table` FROM `tuzi_model` WHERE ( 1=1 AND id='1' ) LIMIT 1   [ RunTime:0.0003s ]
SQL: SELECT `model_table` FROM `tuzi_model` WHERE ( 1=1 AND id='6' ) LIMIT 1   [ RunTime:0.0004s ]
SQL: SELECT `model_table` FROM `tuzi_model` WHERE ( 1=1 AND id='1' ) LIMIT 1   [ RunTime:0.0004s ]
SQL: SELECT `model_table` FROM `tuzi_model` WHERE ( 1=1 AND id='2' ) LIMIT 1   [ RunTime:0.0003s ]
SQL: SELECT `model_table` FROM `tuzi_model` WHERE ( 1=1 AND id='4' ) LIMIT 1   [ RunTime:0.0003s ]
SQL: SELECT `model_table` FROM `tuzi_model` WHERE ( 1=1 AND id='5' ) LIMIT 1   [ RunTime:0.0004s ]
SQL: SELECT `model_table` FROM `tuzi_model` WHERE ( 1=1 AND id='6' ) LIMIT 1   [ RunTime:0.0006s ]
SQL: SELECT `model_table` FROM `tuzi_model` WHERE ( 1=1 AND id='6' ) LIMIT 1   [ RunTime:0.0004s ]
SQL: SELECT `model_table` FROM `tuzi_model` WHERE ( 1=1 AND id='1' ) LIMIT 1   [ RunTime:0.0003s ]
NOTIC: [8] Use of undefined constant group - assumed 'group' D:\wamp25\www\mycms\upload\App\Runtime\Cache\Home\39806739509c99e60625adbbe472e82e.php 第 132 行.
NOTIC: [8] Use of undefined constant group - assumed 'group' D:\wamp25\www\mycms\upload\App\Runtime\Cache\Home\39806739509c99e60625adbbe472e82e.php 第 132 行.
NOTIC: [8] Use of undefined constant group - assumed 'group' D:\wamp25\www\mycms\upload\App\Runtime\Cache\Home\39806739509c99e60625adbbe472e82e.php 第 132 行.
NOTIC: [8] Use of undefined constant group - assumed 'group' D:\wamp25\www\mycms\upload\App\Runtime\Cache\Home\39806739509c99e60625adbbe472e82e.php 第 132 行.
NOTIC: [8] Use of undefined constant group - assumed 'group' D:\wamp25\www\mycms\upload\App\Runtime\Cache\Home\39806739509c99e60625adbbe472e82e.php 第 132 行.
NOTIC: [8] Use of undefined constant group - assumed 'group' D:\wamp25\www\mycms\upload\App\Runtime\Cache\Home\39806739509c99e60625adbbe472e82e.php 第 132 行.
NOTIC: [8] Use of undefined constant group - assumed 'group' D:\wamp25\www\mycms\upload\App\Runtime\Cache\Home\39806739509c99e60625adbbe472e82e.php 第 132 行.
SQL: SHOW COLUMNS FROM `tuzi_adnav` [ RunTime:0.0053s ]
SQL: SELECT * FROM `tuzi_adnav` WHERE ( id=2 )  [ RunTime:0.0005s ]
SQL: SHOW COLUMNS FROM `tuzi_advert` [ RunTime:0.0073s ]
SQL: SELECT * FROM `tuzi_advert` WHERE `advert_nav` = 2 AND ( advert_show=0 ) ORDER BY advert_sort  LIMIT 0,5   [ RunTime:0.0006s ]
SQL: SHOW COLUMNS FROM `tuzi_adnav` [ RunTime:0.0061s ]
SQL: SELECT `adnav_name` FROM `tuzi_adnav` WHERE ( 1=1 AND id='2' ) LIMIT 1   [ RunTime:0.0004s ]
SQL: SELECT `adnav_name` FROM `tuzi_adnav` WHERE ( 1=1 AND id='2' ) LIMIT 1   [ RunTime:0.0004s ]
SQL: SELECT `adnav_name` FROM `tuzi_adnav` WHERE ( 1=1 AND id='2' ) LIMIT 1   [ RunTime:0.0004s ]
SQL: SHOW COLUMNS FROM `tuzi_notice` [ RunTime:0.0071s ]
SQL: SELECT * FROM `tuzi_notice` ORDER BY id desc LIMIT 0,5   [ RunTime:0.0005s ]
SQL: SHOW COLUMNS FROM `tuzi_column` [ RunTime:0.0072s ]
SQL: SELECT * FROM `tuzi_column` WHERE ( id=2 ) ORDER BY column_sort  [ RunTime:0.0005s ]
SQL: SELECT * FROM `tuzi_column` ORDER BY column_sort  [ RunTime:0.0008s ]
SQL: SHOW COLUMNS FROM `tuzi_attr` [ RunTime:0.0056s ]
SQL: SELECT g.id,g.attr_name,g.attr_color,i.news_id,i.attr_id,r.id,r.nv_id,r.news_title,r.news_content,r.news_hits,r.news_author,r.news_addtime,r.news_updatetime,r.news_sort,r.news_pic,f.column_name,m.model_table FROM tuzi_attr g LEFT JOIN tuzi_attr_news i ON i.attr_id = g.id LEFT JOIN tuzi_news r ON r.id = i.news_id LEFT JOIN tuzi_column f ON f.id = r.nv_id LEFT JOIN tuzi_model m ON m.id = f.column_type  WHERE g.id = 1 AND `nv_id` IN ('3','4','2') AND ( news_dell=0 ) ORDER BY r.news_sort  LIMIT 0,3   [ RunTime:0.0279s ]
NOTIC: [8] Use of undefined constant detail - assumed 'detail' D:\wamp25\www\mycms\upload\App\Runtime\Cache\Home\39806739509c99e60625adbbe472e82e.php 第 205 行.
NOTIC: [8] Use of undefined constant detail - assumed 'detail' D:\wamp25\www\mycms\upload\App\Runtime\Cache\Home\39806739509c99e60625adbbe472e82e.php 第 205 行.
NOTIC: [8] Use of undefined constant detail - assumed 'detail' D:\wamp25\www\mycms\upload\App\Runtime\Cache\Home\39806739509c99e60625adbbe472e82e.php 第 205 行.
SQL: SELECT * FROM `tuzi_column` WHERE ( id=8 ) ORDER BY column_sort  [ RunTime:0.0006s ]
SQL: SELECT * FROM `tuzi_column` ORDER BY column_sort  [ RunTime:0.0013s ]
SQL: SELECT g.id,g.attr_name,g.attr_color,i.news_id,i.attr_id,r.id,r.nv_id,r.news_title,r.news_content,r.news_hits,r.news_author,r.news_addtime,r.news_updatetime,r.news_sort,r.news_pic,f.column_name,m.model_table FROM tuzi_attr g LEFT JOIN tuzi_attr_news i ON i.attr_id = g.id LEFT JOIN tuzi_news r ON r.id = i.news_id LEFT JOIN tuzi_column f ON f.id = r.nv_id LEFT JOIN tuzi_model m ON m.id = f.column_type  WHERE g.id = 1 AND `nv_id` IN ('9','18','8') AND ( news_dell=0 ) ORDER BY r.news_sort  LIMIT 0,5   [ RunTime:0.0078s ]
NOTIC: [8] Use of undefined constant detail - assumed 'detail' D:\wamp25\www\mycms\upload\App\Runtime\Cache\Home\39806739509c99e60625adbbe472e82e.php 第 231 行.
NOTIC: [8] Use of undefined constant detail - assumed 'detail' D:\wamp25\www\mycms\upload\App\Runtime\Cache\Home\39806739509c99e60625adbbe472e82e.php 第 231 行.
NOTIC: [8] Use of undefined constant detail - assumed 'detail' D:\wamp25\www\mycms\upload\App\Runtime\Cache\Home\39806739509c99e60625adbbe472e82e.php 第 231 行.
NOTIC: [8] Use of undefined constant detail - assumed 'detail' D:\wamp25\www\mycms\upload\App\Runtime\Cache\Home\39806739509c99e60625adbbe472e82e.php 第 231 行.
NOTIC: [8] Use of undefined constant detail - assumed 'detail' D:\wamp25\www\mycms\upload\App\Runtime\Cache\Home\39806739509c99e60625adbbe472e82e.php 第 231 行.
SQL: SELECT * FROM `tuzi_column` WHERE ( id=10 ) ORDER BY column_sort  [ RunTime:0.0013s ]
SQL: SELECT * FROM `tuzi_column` ORDER BY column_sort  [ RunTime:0.0008s ]
SQL: SELECT g.id,g.attr_name,g.attr_color,i.news_id,i.attr_id,r.id,r.nv_id,r.news_title,r.news_content,r.news_hits,r.news_author,r.news_addtime,r.news_updatetime,r.news_sort,r.news_pic,f.column_name,m.model_table FROM tuzi_attr g LEFT JOIN tuzi_attr_news i ON i.attr_id = g.id LEFT JOIN tuzi_news r ON r.id = i.news_id LEFT JOIN tuzi_column f ON f.id = r.nv_id LEFT JOIN tuzi_model m ON m.id = f.column_type  WHERE g.id = 1 AND `nv_id` IN ('19','10') AND ( news_dell=0 ) ORDER BY r.news_sort  LIMIT 0,5   [ RunTime:0.0071s ]
NOTIC: [8] Use of undefined constant detail - assumed 'detail' D:\wamp25\www\mycms\upload\App\Runtime\Cache\Home\39806739509c99e60625adbbe472e82e.php 第 245 行.
NOTIC: [8] Use of undefined constant detail - assumed 'detail' D:\wamp25\www\mycms\upload\App\Runtime\Cache\Home\39806739509c99e60625adbbe472e82e.php 第 245 行.
NOTIC: [8] Use of undefined constant detail - assumed 'detail' D:\wamp25\www\mycms\upload\App\Runtime\Cache\Home\39806739509c99e60625adbbe472e82e.php 第 245 行.
NOTIC: [8] Use of undefined constant detail - assumed 'detail' D:\wamp25\www\mycms\upload\App\Runtime\Cache\Home\39806739509c99e60625adbbe472e82e.php 第 245 行.
NOTIC: [8] Use of undefined constant detail - assumed 'detail' D:\wamp25\www\mycms\upload\App\Runtime\Cache\Home\39806739509c99e60625adbbe472e82e.php 第 245 行.
SQL: SHOW COLUMNS FROM `tuzi_link` [ RunTime:0.0064s ]
SQL: SELECT * FROM `tuzi_link` WHERE ( link_show=0 ) ORDER BY link_sort  LIMIT 32   [ RunTime:0.0005s ]
SQL: SHOW COLUMNS FROM `tuzi_kefu` [ RunTime:0.0081s ]
SQL: SELECT * FROM `tuzi_kefu` ORDER BY id LIMIT 0,3   [ RunTime:0.0006s ]
INFO: Run Behavior\ParseTemplateBehavior [ RunTime:0.236826s ]
INFO: [ view_parse ] --END-- [ RunTime:0.237130s ]
INFO: [ view_filter ] --START--
INFO: Run Behavior\WriteHtmlCacheBehavior [ RunTime:0.001093s ]
INFO: Run Behavior\TokenBuildBehavior [ RunTime:0.000765s ]
INFO: [ view_filter ] --END-- [ RunTime:0.002117s ]
INFO: [ app_end ] --START--
INFO: Run Behavior\ShowPageTraceBehavior [ RunTime:0.000692s ]
INFO: [ app_end ] --END-- [ RunTime:0.000902s ]

[ 2015-12-28T23:24:53+08:00 ] ::1 /mycms/upload/index.php/common/loginchk.html
INFO: [ app_init ] --START--
INFO: Run Behavior\BuildLiteBehavior [ RunTime:0.000036s ]
INFO: [ app_init ] --END-- [ RunTime:0.001193s ]
INFO: [ app_begin ] --START--
INFO: Run Behavior\ReadHtmlCacheBehavior [ RunTime:0.001669s ]
INFO: [ app_begin ] --END-- [ RunTime:0.001904s ]
NOTIC: [8] Undefined index: uid D:\wamp25\www\mycms\upload\App\Home\Controller\CommonController.class.php 第 307 行.
NOTIC: [8] Undefined index: user_email D:\wamp25\www\mycms\upload\App\Home\Controller\CommonController.class.php 第 308 行.
NOTIC: [8] Undefined index: user_name D:\wamp25\www\mycms\upload\App\Home\Controller\CommonController.class.php 第 309 行.

[ 2015-12-28T23:25:27+08:00 ] ::1 /mycms/upload/index.php/index
INFO: [ app_init ] --START--
INFO: Run Behavior\BuildLiteBehavior [ RunTime:0.000036s ]
INFO: [ app_init ] --END-- [ RunTime:0.000907s ]
INFO: [ app_begin ] --START--
INFO: Run Behavior\ReadHtmlCacheBehavior [ RunTime:0.000916s ]
INFO: [ app_begin ] --END-- [ RunTime:0.001067s ]
SQL: SHOW COLUMNS FROM `tuzi_config` [ RunTime:0.0075s ]
SQL: SELECT `config_webtitle`,`config_webkw`,`config_cp`,`config_company` FROM `tuzi_config` LIMIT 1   [ RunTime:0.0006s ]
INFO: [ view_parse ] --START--
INFO: [ template_filter ] --START--
INFO: Run Behavior\ContentReplaceBehavior [ RunTime:0.000630s ]
INFO: [ template_filter ] --END-- [ RunTime:0.000894s ]
SQL: SHOW COLUMNS FROM `tuzi_column` [ RunTime:0.0066s ]
SQL: SELECT `id`,`f_id`,`column_name`,`column_ename`,`column_url`,`column_type`,`column_sort`,`column_status`,`column_link` FROM `tuzi_column` WHERE ( column_status=0 ) ORDER BY column_sort  [ RunTime:0.0008s ]
SQL: SHOW COLUMNS FROM `tuzi_model` [ RunTime:0.0064s ]
SQL: SELECT `model_table` FROM `tuzi_model` WHERE ( 1=1 AND id='1' ) LIMIT 1   [ RunTime:0.0004s ]
SQL: SELECT `model_table` FROM `tuzi_model` WHERE ( 1=1 AND id='2' ) LIMIT 1   [ RunTime:0.0003s ]
SQL: SELECT `model_table` FROM `tuzi_model` WHERE ( 1=1 AND id='6' ) LIMIT 1   [ RunTime:0.0004s ]
SQL: SELECT `model_table` FROM `tuzi_model` WHERE ( 1=1 AND id='5' ) LIMIT 1   [ RunTime:0.0004s ]
SQL: SELECT `model_table` FROM `tuzi_model` WHERE ( 1=1 AND id='5' ) LIMIT 1   [ RunTime:0.0003s ]
SQL: SELECT `model_table` FROM `tuzi_model` WHERE ( 1=1 AND id='4' ) LIMIT 1   [ RunTime:0.0004s ]
SQL: SELECT `model_table` FROM `tuzi_model` WHERE ( 1=1 AND id='2' ) LIMIT 1   [ RunTime:0.0004s ]
SQL: SELECT `model_table` FROM `tuzi_model` WHERE ( 1=1 AND id='6' ) LIMIT 1   [ RunTime:0.0004s ]
SQL: SELECT `model_table` FROM `tuzi_model` WHERE ( 1=1 AND id='6' ) LIMIT 1   [ RunTime:0.0003s ]
SQL: SELECT `model_table` FROM `tuzi_model` WHERE ( 1=1 AND id='1' ) LIMIT 1   [ RunTime:0.0003s ]
SQL: SELECT `model_table` FROM `tuzi_model` WHERE ( 1=1 AND id='1' ) LIMIT 1   [ RunTime:0.0003s ]
SQL: SELECT `model_table` FROM `tuzi_model` WHERE ( 1=1 AND id='6' ) LIMIT 1   [ RunTime:0.0003s ]
SQL: SELECT `model_table` FROM `tuzi_model` WHERE ( 1=1 AND id='1' ) LIMIT 1   [ RunTime:0.0003s ]
SQL: SELECT `model_table` FROM `tuzi_model` WHERE ( 1=1 AND id='2' ) LIMIT 1   [ RunTime:0.0004s ]
SQL: SELECT `model_table` FROM `tuzi_model` WHERE ( 1=1 AND id='4' ) LIMIT 1   [ RunTime:0.0003s ]
SQL: SELECT `model_table` FROM `tuzi_model` WHERE ( 1=1 AND id='5' ) LIMIT 1   [ RunTime:0.0004s ]
SQL: SELECT `model_table` FROM `tuzi_model` WHERE ( 1=1 AND id='6' ) LIMIT 1   [ RunTime:0.0003s ]
SQL: SELECT `model_table` FROM `tuzi_model` WHERE ( 1=1 AND id='6' ) LIMIT 1   [ RunTime:0.0003s ]
SQL: SELECT `model_table` FROM `tuzi_model` WHERE ( 1=1 AND id='1' ) LIMIT 1   [ RunTime:0.0004s ]
NOTIC: [8] Use of undefined constant group - assumed 'group' D:\wamp25\www\mycms\upload\App\Runtime\Cache\Home\39806739509c99e60625adbbe472e82e.php 第 132 行.
NOTIC: [8] Use of undefined constant group - assumed 'group' D:\wamp25\www\mycms\upload\App\Runtime\Cache\Home\39806739509c99e60625adbbe472e82e.php 第 132 行.
NOTIC: [8] Use of undefined constant group - assumed 'group' D:\wamp25\www\mycms\upload\App\Runtime\Cache\Home\39806739509c99e60625adbbe472e82e.php 第 132 行.
NOTIC: [8] Use of undefined constant group - assumed 'group' D:\wamp25\www\mycms\upload\App\Runtime\Cache\Home\39806739509c99e60625adbbe472e82e.php 第 132 行.
NOTIC: [8] Use of undefined constant group - assumed 'group' D:\wamp25\www\mycms\upload\App\Runtime\Cache\Home\39806739509c99e60625adbbe472e82e.php 第 132 行.
NOTIC: [8] Use of undefined constant group - assumed 'group' D:\wamp25\www\mycms\upload\App\Runtime\Cache\Home\39806739509c99e60625adbbe472e82e.php 第 132 行.
NOTIC: [8] Use of undefined constant group - assumed 'group' D:\wamp25\www\mycms\upload\App\Runtime\Cache\Home\39806739509c99e60625adbbe472e82e.php 第 132 行.
SQL: SHOW COLUMNS FROM `tuzi_adnav` [ RunTime:0.0077s ]
SQL: SELECT * FROM `tuzi_adnav` WHERE ( id=2 )  [ RunTime:0.0006s ]
SQL: SHOW COLUMNS FROM `tuzi_advert` [ RunTime:0.0069s ]
SQL: SELECT * FROM `tuzi_advert` WHERE `advert_nav` = 2 AND ( advert_show=0 ) ORDER BY advert_sort  LIMIT 0,5   [ RunTime:0.0006s ]
SQL: SHOW COLUMNS FROM `tuzi_adnav` [ RunTime:0.0056s ]
SQL: SELECT `adnav_name` FROM `tuzi_adnav` WHERE ( 1=1 AND id='2' ) LIMIT 1   [ RunTime:0.0004s ]
SQL: SELECT `adnav_name` FROM `tuzi_adnav` WHERE ( 1=1 AND id='2' ) LIMIT 1   [ RunTime:0.0004s ]
SQL: SELECT `adnav_name` FROM `tuzi_adnav` WHERE ( 1=1 AND id='2' ) LIMIT 1   [ RunTime:0.0003s ]
SQL: SHOW COLUMNS FROM `tuzi_notice` [ RunTime:0.0085s ]
SQL: SELECT * FROM `tuzi_notice` ORDER BY id desc LIMIT 0,5   [ RunTime:0.0004s ]
SQL: SHOW COLUMNS FROM `tuzi_column` [ RunTime:0.0058s ]
SQL: SELECT * FROM `tuzi_column` WHERE ( id=2 ) ORDER BY column_sort  [ RunTime:0.0005s ]
SQL: SELECT * FROM `tuzi_column` ORDER BY column_sort  [ RunTime:0.0008s ]
SQL: SHOW COLUMNS FROM `tuzi_attr` [ RunTime:0.0093s ]
SQL: SELECT g.id,g.attr_name,g.attr_color,i.news_id,i.attr_id,r.id,r.nv_id,r.news_title,r.news_content,r.news_hits,r.news_author,r.news_addtime,r.news_updatetime,r.news_sort,r.news_pic,f.column_name,m.model_table FROM tuzi_attr g LEFT JOIN tuzi_attr_news i ON i.attr_id = g.id LEFT JOIN tuzi_news r ON r.id = i.news_id LEFT JOIN tuzi_column f ON f.id = r.nv_id LEFT JOIN tuzi_model m ON m.id = f.column_type  WHERE g.id = 1 AND `nv_id` IN ('3','4','2') AND ( news_dell=0 ) ORDER BY r.news_sort  LIMIT 0,3   [ RunTime:0.0069s ]
NOTIC: [8] Use of undefined constant detail - assumed 'detail' D:\wamp25\www\mycms\upload\App\Runtime\Cache\Home\39806739509c99e60625adbbe472e82e.php 第 205 行.
NOTIC: [8] Use of undefined constant detail - assumed 'detail' D:\wamp25\www\mycms\upload\App\Runtime\Cache\Home\39806739509c99e60625adbbe472e82e.php 第 205 行.
NOTIC: [8] Use of undefined constant detail - assumed 'detail' D:\wamp25\www\mycms\upload\App\Runtime\Cache\Home\39806739509c99e60625adbbe472e82e.php 第 205 行.
SQL: SELECT * FROM `tuzi_column` WHERE ( id=8 ) ORDER BY column_sort  [ RunTime:0.0005s ]
SQL: SELECT * FROM `tuzi_column` ORDER BY column_sort  [ RunTime:0.0007s ]
SQL: SELECT g.id,g.attr_name,g.attr_color,i.news_id,i.attr_id,r.id,r.nv_id,r.news_title,r.news_content,r.news_hits,r.news_author,r.news_addtime,r.news_updatetime,r.news_sort,r.news_pic,f.column_name,m.model_table FROM tuzi_attr g LEFT JOIN tuzi_attr_news i ON i.attr_id = g.id LEFT JOIN tuzi_news r ON r.id = i.news_id LEFT JOIN tuzi_column f ON f.id = r.nv_id LEFT JOIN tuzi_model m ON m.id = f.column_type  WHERE g.id = 1 AND `nv_id` IN ('9','18','8') AND ( news_dell=0 ) ORDER BY r.news_sort  LIMIT 0,5   [ RunTime:0.0108s ]
NOTIC: [8] Use of undefined constant detail - assumed 'detail' D:\wamp25\www\mycms\upload\App\Runtime\Cache\Home\39806739509c99e60625adbbe472e82e.php 第 231 行.
NOTIC: [8] Use of undefined constant detail - assumed 'detail' D:\wamp25\www\mycms\upload\App\Runtime\Cache\Home\39806739509c99e60625adbbe472e82e.php 第 231 行.
NOTIC: [8] Use of undefined constant detail - assumed 'detail' D:\wamp25\www\mycms\upload\App\Runtime\Cache\Home\39806739509c99e60625adbbe472e82e.php 第 231 行.
NOTIC: [8] Use of undefined constant detail - assumed 'detail' D:\wamp25\www\mycms\upload\App\Runtime\Cache\Home\39806739509c99e60625adbbe472e82e.php 第 231 行.
NOTIC: [8] Use of undefined constant detail - assumed 'detail' D:\wamp25\www\mycms\upload\App\Runtime\Cache\Home\39806739509c99e60625adbbe472e82e.php 第 231 行.
SQL: SELECT * FROM `tuzi_column` WHERE ( id=10 ) ORDER BY column_sort  [ RunTime:0.0004s ]
SQL: SELECT * FROM `tuzi_column` ORDER BY column_sort  [ RunTime:0.0008s ]
SQL: SELECT g.id,g.attr_name,g.attr_color,i.news_id,i.attr_id,r.id,r.nv_id,r.news_title,r.news_content,r.news_hits,r.news_author,r.news_addtime,r.news_updatetime,r.news_sort,r.news_pic,f.column_name,m.model_table FROM tuzi_attr g LEFT JOIN tuzi_attr_news i ON i.attr_id = g.id LEFT JOIN tuzi_news r ON r.id = i.news_id LEFT JOIN tuzi_column f ON f.id = r.nv_id LEFT JOIN tuzi_model m ON m.id = f.column_type  WHERE g.id = 1 AND `nv_id` IN ('19','10') AND ( news_dell=0 ) ORDER BY r.news_sort  LIMIT 0,5   [ RunTime:0.0086s ]
NOTIC: [8] Use of undefined constant detail - assumed 'detail' D:\wamp25\www\mycms\upload\App\Runtime\Cache\Home\39806739509c99e60625adbbe472e82e.php 第 245 行.
NOTIC: [8] Use of undefined constant detail - assumed 'detail' D:\wamp25\www\mycms\upload\App\Runtime\Cache\Home\39806739509c99e60625adbbe472e82e.php 第 245 行.
NOTIC: [8] Use of undefined constant detail - assumed 'detail' D:\wamp25\www\mycms\upload\App\Runtime\Cache\Home\39806739509c99e60625adbbe472e82e.php 第 245 行.
NOTIC: [8] Use of undefined constant detail - assumed 'detail' D:\wamp25\www\mycms\upload\App\Runtime\Cache\Home\39806739509c99e60625adbbe472e82e.php 第 245 行.
NOTIC: [8] Use of undefined constant detail - assumed 'detail' D:\wamp25\www\mycms\upload\App\Runtime\Cache\Home\39806739509c99e60625adbbe472e82e.php 第 245 行.
SQL: SHOW COLUMNS FROM `tuzi_link` [ RunTime:0.0057s ]
SQL: SELECT * FROM `tuzi_link` WHERE ( link_show=0 ) ORDER BY link_sort  LIMIT 32   [ RunTime:0.0006s ]
SQL: SHOW COLUMNS FROM `tuzi_kefu` [ RunTime:0.0073s ]
SQL: SELECT * FROM `tuzi_kefu` ORDER BY id LIMIT 0,3   [ RunTime:0.0005s ]
INFO: Run Behavior\ParseTemplateBehavior [ RunTime:0.197811s ]
INFO: [ view_parse ] --END-- [ RunTime:0.198009s ]
INFO: [ view_filter ] --START--
INFO: Run Behavior\WriteHtmlCacheBehavior [ RunTime:0.002108s ]
INFO: Run Behavior\TokenBuildBehavior [ RunTime:0.001181s ]
INFO: [ view_filter ] --END-- [ RunTime:0.003645s ]
INFO: [ app_end ] --START--
INFO: Run Behavior\ShowPageTraceBehavior [ RunTime:0.001314s ]
INFO: [ app_end ] --END-- [ RunTime:0.001508s ]

[ 2015-12-28T23:25:27+08:00 ] ::1 /mycms/upload/index.php/common/loginchk.html
INFO: [ app_init ] --START--
INFO: Run Behavior\BuildLiteBehavior [ RunTime:0.000051s ]
INFO: [ app_init ] --END-- [ RunTime:0.000961s ]
INFO: [ app_begin ] --START--
INFO: Run Behavior\ReadHtmlCacheBehavior [ RunTime:0.001398s ]
INFO: [ app_begin ] --END-- [ RunTime:0.001633s ]
NOTIC: [8] Undefined index: uid D:\wamp25\www\mycms\upload\App\Home\Controller\CommonController.class.php 第 307 行.
NOTIC: [8] Undefined index: user_email D:\wamp25\www\mycms\upload\App\Home\Controller\CommonController.class.php 第 308 行.
NOTIC: [8] Undefined index: user_name D:\wamp25\www\mycms\upload\App\Home\Controller\CommonController.class.php 第 309 行.

[ 2015-12-28T23:25:32+08:00 ] ::1 /mycms/upload/index.php/Download/group/id/11
INFO: [ app_init ] --START--
INFO: Run Behavior\BuildLiteBehavior [ RunTime:0.000045s ]
INFO: [ app_init ] --END-- [ RunTime:0.000783s ]
INFO: [ app_begin ] --START--
INFO: Run Behavior\ReadHtmlCacheBehavior [ RunTime:0.001815s ]
INFO: [ app_begin ] --END-- [ RunTime:0.002049s ]
SQL: SHOW COLUMNS FROM `tuzi_column` [ RunTime:0.0083s ]
SQL: SELECT * FROM `tuzi_column` WHERE `id` = 11 ORDER BY column_sort ASC LIMIT 1   [ RunTime:0.0005s ]
SQL: SHOW COLUMNS FROM `tuzi_model` [ RunTime:0.0059s ]
SQL: SELECT `model_table` FROM `tuzi_model` WHERE ( 1=1 AND id='5' ) LIMIT 1   [ RunTime:0.0004s ]
SQL: SELECT * FROM `tuzi_column` ORDER BY column_sort ASC  [ RunTime:0.0007s ]
SQL: SELECT `model_table` FROM `tuzi_model` WHERE ( 1=1 AND id='1' ) LIMIT 1   [ RunTime:0.0005s ]
SQL: SELECT `model_table` FROM `tuzi_model` WHERE ( 1=1 AND id='1' ) LIMIT 1   [ RunTime:0.0006s ]
SQL: SELECT `model_table` FROM `tuzi_model` WHERE ( 1=1 AND id='1' ) LIMIT 1   [ RunTime:0.0004s ]
SQL: SELECT `model_table` FROM `tuzi_model` WHERE ( 1=1 AND id='6' ) LIMIT 1   [ RunTime:0.0004s ]
SQL: SELECT `model_table` FROM `tuzi_model` WHERE ( 1=1 AND id='6' ) LIMIT 1   [ RunTime:0.0004s ]
SQL: SELECT `model_table` FROM `tuzi_model` WHERE ( 1=1 AND id='2' ) LIMIT 1   [ RunTime:0.0007s ]
SQL: SELECT `model_table` FROM `tuzi_model` WHERE ( 1=1 AND id='5' ) LIMIT 1   [ RunTime:0.0005s ]
SQL: SELECT `model_table` FROM `tuzi_model` WHERE ( 1=1 AND id='5' ) LIMIT 1   [ RunTime:0.0004s ]
SQL: SELECT `model_table` FROM `tuzi_model` WHERE ( 1=1 AND id='6' ) LIMIT 1   [ RunTime:0.0004s ]
SQL: SELECT `model_table` FROM `tuzi_model` WHERE ( 1=1 AND id='2' ) LIMIT 1   [ RunTime:0.0005s ]
SQL: SELECT `model_table` FROM `tuzi_model` WHERE ( 1=1 AND id='4' ) LIMIT 1   [ RunTime:0.0005s ]
SQL: SELECT `model_table` FROM `tuzi_model` WHERE ( 1=1 AND id='6' ) LIMIT 1   [ RunTime:0.0004s ]
SQL: SELECT `model_table` FROM `tuzi_model` WHERE ( 1=1 AND id='1' ) LIMIT 1   [ RunTime:0.0004s ]
SQL: SELECT `model_table` FROM `tuzi_model` WHERE ( 1=1 AND id='2' ) LIMIT 1   [ RunTime:0.0004s ]
SQL: SELECT `model_table` FROM `tuzi_model` WHERE ( 1=1 AND id='4' ) LIMIT 1   [ RunTime:0.0003s ]
SQL: SELECT `model_table` FROM `tuzi_model` WHERE ( 1=1 AND id='5' ) LIMIT 1   [ RunTime:0.0003s ]
SQL: SELECT `model_table` FROM `tuzi_model` WHERE ( 1=1 AND id='6' ) LIMIT 1   [ RunTime:0.0003s ]
SQL: SELECT `model_table` FROM `tuzi_model` WHERE ( 1=1 AND id='6' ) LIMIT 1   [ RunTime:0.0003s ]
SQL: SELECT `model_table` FROM `tuzi_model` WHERE ( 1=1 AND id='1' ) LIMIT 1   [ RunTime:0.0004s ]
NOTIC: [8] Use of undefined constant group - assumed 'group' D:\wamp25\www\mycms\upload\App\Home\Controller\DownloadController.class.php 第 58 行.
NOTIC: [8] Use of undefined constant group - assumed 'group' D:\wamp25\www\mycms\upload\App\Home\Controller\DownloadController.class.php 第 58 行.
SQL: SELECT * FROM `tuzi_column` ORDER BY column_sort ASC  [ RunTime:0.0015s ]
SQL: SELECT `model_table` FROM `tuzi_model` WHERE ( 1=1 AND id='1' ) LIMIT 1   [ RunTime:0.0004s ]
SQL: SELECT `model_table` FROM `tuzi_model` WHERE ( 1=1 AND id='1' ) LIMIT 1   [ RunTime:0.0003s ]
SQL: SELECT `model_table` FROM `tuzi_model` WHERE ( 1=1 AND id='1' ) LIMIT 1   [ RunTime:0.0004s ]
SQL: SELECT `model_table` FROM `tuzi_model` WHERE ( 1=1 AND id='6' ) LIMIT 1   [ RunTime:0.0004s ]
SQL: SELECT `model_table` FROM `tuzi_model` WHERE ( 1=1 AND id='6' ) LIMIT 1   [ RunTime:0.0003s ]
SQL: SELECT `model_table` FROM `tuzi_model` WHERE ( 1=1 AND id='2' ) LIMIT 1   [ RunTime:0.0004s ]
SQL: SELECT `model_table` FROM `tuzi_model` WHERE ( 1=1 AND id='5' ) LIMIT 1   [ RunTime:0.0004s ]
SQL: SELECT `model_table` FROM `tuzi_model` WHERE ( 1=1 AND id='5' ) LIMIT 1   [ RunTime:0.0003s ]
SQL: SELECT `model_table` FROM `tuzi_model` WHERE ( 1=1 AND id='6' ) LIMIT 1   [ RunTime:0.0003s ]
SQL: SELECT `model_table` FROM `tuzi_model` WHERE ( 1=1 AND id='2' ) LIMIT 1   [ RunTime:0.0003s ]
SQL: SELECT `model_table` FROM `tuzi_model` WHERE ( 1=1 AND id='4' ) LIMIT 1   [ RunTime:0.0003s ]
SQL: SELECT `model_table` FROM `tuzi_model` WHERE ( 1=1 AND id='6' ) LIMIT 1   [ RunTime:0.0003s ]
SQL: SELECT `model_table` FROM `tuzi_model` WHERE ( 1=1 AND id='1' ) LIMIT 1   [ RunTime:0.0003s ]
SQL: SELECT `model_table` FROM `tuzi_model` WHERE ( 1=1 AND id='2' ) LIMIT 1   [ RunTime:0.0004s ]
SQL: SELECT `model_table` FROM `tuzi_model` WHERE ( 1=1 AND id='4' ) LIMIT 1   [ RunTime:0.0004s ]
SQL: SELECT `model_table` FROM `tuzi_model` WHERE ( 1=1 AND id='5' ) LIMIT 1   [ RunTime:0.0007s ]
SQL: SELECT `model_table` FROM `tuzi_model` WHERE ( 1=1 AND id='6' ) LIMIT 1   [ RunTime:0.0005s ]
SQL: SELECT `model_table` FROM `tuzi_model` WHERE ( 1=1 AND id='6' ) LIMIT 1   [ RunTime:0.0003s ]
SQL: SELECT `model_table` FROM `tuzi_model` WHERE ( 1=1 AND id='1' ) LIMIT 1   [ RunTime:0.0004s ]
NOTIC: [8] Use of undefined constant group - assumed 'group' D:\wamp25\www\mycms\upload\App\Home\Controller\DownloadController.class.php 第 80 行.
SQL: SELECT * FROM `tuzi_column` WHERE ( id=11 ) ORDER BY column_sort  [ RunTime:0.0004s ]
SQL: SELECT `model_table` FROM `tuzi_model` WHERE ( 1=1 AND id='5' ) LIMIT 1   [ RunTime:0.0005s ]
SQL: SHOW COLUMNS FROM `tuzi_config` [ RunTime:0.0059s ]
SQL: SELECT `config_webname` FROM `tuzi_config` LIMIT 1   [ RunTime:0.0003s ]
SQL: SELECT * FROM `tuzi_column` ORDER BY column_sort  [ RunTime:0.0007s ]
SQL: SELECT `model_table` FROM `tuzi_model` WHERE ( 1=1 AND id='1' ) LIMIT 1   [ RunTime:0.0004s ]
SQL: SELECT `model_table` FROM `tuzi_model` WHERE ( 1=1 AND id='1' ) LIMIT 1   [ RunTime:0.0003s ]
SQL: SELECT `model_table` FROM `tuzi_model` WHERE ( 1=1 AND id='1' ) LIMIT 1   [ RunTime:0.0004s ]
SQL: SELECT `model_table` FROM `tuzi_model` WHERE ( 1=1 AND id='6' ) LIMIT 1   [ RunTime:0.0003s ]
SQL: SELECT `model_table` FROM `tuzi_model` WHERE ( 1=1 AND id='6' ) LIMIT 1   [ RunTime:0.0004s ]
SQL: SELECT `model_table` FROM `tuzi_model` WHERE ( 1=1 AND id='2' ) LIMIT 1   [ RunTime:0.0003s ]
SQL: SELECT `model_table` FROM `tuzi_model` WHERE ( 1=1 AND id='5' ) LIMIT 1   [ RunTime:0.0003s ]
SQL: SELECT `model_table` FROM `tuzi_model` WHERE ( 1=1 AND id='5' ) LIMIT 1   [ RunTime:0.0003s ]
SQL: SELECT `model_table` FROM `tuzi_model` WHERE ( 1=1 AND id='6' ) LIMIT 1   [ RunTime:0.0003s ]
SQL: SELECT `model_table` FROM `tuzi_model` WHERE ( 1=1 AND id='2' ) LIMIT 1   [ RunTime:0.0003s ]
SQL: SELECT `model_table` FROM `tuzi_model` WHERE ( 1=1 AND id='4' ) LIMIT 1   [ RunTime:0.0004s ]
SQL: SELECT `model_table` FROM `tuzi_model` WHERE ( 1=1 AND id='6' ) LIMIT 1   [ RunTime:0.0004s ]
SQL: SELECT `model_table` FROM `tuzi_model` WHERE ( 1=1 AND id='1' ) LIMIT 1   [ RunTime:0.0004s ]
SQL: SELECT `model_table` FROM `tuzi_model` WHERE ( 1=1 AND id='2' ) LIMIT 1   [ RunTime:0.0004s ]
SQL: SELECT `model_table` FROM `tuzi_model` WHERE ( 1=1 AND id='4' ) LIMIT 1   [ RunTime:0.0003s ]
SQL: SELECT `model_table` FROM `tuzi_model` WHERE ( 1=1 AND id='5' ) LIMIT 1   [ RunTime:0.0004s ]
SQL: SELECT `model_table` FROM `tuzi_model` WHERE ( 1=1 AND id='6' ) LIMIT 1   [ RunTime:0.0004s ]
SQL: SELECT `model_table` FROM `tuzi_model` WHERE ( 1=1 AND id='6' ) LIMIT 1   [ RunTime:0.0006s ]
SQL: SELECT `model_table` FROM `tuzi_model` WHERE ( 1=1 AND id='1' ) LIMIT 1   [ RunTime:0.0007s ]
SQL: SHOW COLUMNS FROM `tuzi_news` [ RunTime:0.0059s ]
SQL: SELECT * FROM `tuzi_news` WHERE `nv_id` IN ('12','13','11') AND ( news_dell=0 )  [ RunTime:0.0006s ]
SQL: SELECT `column_name` FROM `tuzi_column` WHERE ( 1=1 AND id='13' ) LIMIT 1   [ RunTime:0.0004s ]
SQL: SHOW COLUMNS FROM `tuzi_attr` [ RunTime:0.0092s ]
NOTIC: [8] Undefined index: mapping_order D:\wamp25\www\mycms\upload\Core\Library\Think\Model\RelationModel.class.php 第 186 行.
NOTIC: [8] Undefined index: mapping_limit D:\wamp25\www\mycms\upload\Core\Library\Think\Model\RelationModel.class.php 第 187 行.
SQL: SELECT b.* FROM tuzi_attr_news AS a, tuzi_attr AS b WHERE a.attr_id = b.id AND a. news_id='7' [ RunTime:0.0005s ]
SQL: SELECT `column_name` FROM `tuzi_column` WHERE ( 1=1 AND id='13' ) LIMIT 1   [ RunTime:0.0003s ]
NOTIC: [8] Undefined index: mapping_order D:\wamp25\www\mycms\upload\Core\Library\Think\Model\RelationModel.class.php 第 186 行.
NOTIC: [8] Undefined index: mapping_limit D:\wamp25\www\mycms\upload\Core\Library\Think\Model\RelationModel.class.php 第 187 行.
SQL: SELECT b.* FROM tuzi_attr_news AS a, tuzi_attr AS b WHERE a.attr_id = b.id AND a. news_id='11' [ RunTime:0.0004s ]
SQL: SELECT `column_name` FROM `tuzi_column` WHERE ( 1=1 AND id='12' ) LIMIT 1   [ RunTime:0.0003s ]
NOTIC: [8] Undefined index: mapping_order D:\wamp25\www\mycms\upload\Core\Library\Think\Model\RelationModel.class.php 第 186 行.
NOTIC: [8] Undefined index: mapping_limit D:\wamp25\www\mycms\upload\Core\Library\Think\Model\RelationModel.class.php 第 187 行.
SQL: SELECT b.* FROM tuzi_attr_news AS a, tuzi_attr AS b WHERE a.attr_id = b.id AND a. news_id='12' [ RunTime:0.0004s ]
SQL: SELECT `column_name` FROM `tuzi_column` WHERE ( 1=1 AND id='13' ) LIMIT 1   [ RunTime:0.0004s ]
NOTIC: [8] Undefined index: mapping_order D:\wamp25\www\mycms\upload\Core\Library\Think\Model\RelationModel.class.php 第 186 行.
NOTIC: [8] Undefined index: mapping_limit D:\wamp25\www\mycms\upload\Core\Library\Think\Model\RelationModel.class.php 第 187 行.
SQL: SELECT b.* FROM tuzi_attr_news AS a, tuzi_attr AS b WHERE a.attr_id = b.id AND a. news_id='29' [ RunTime:0.0004s ]
SQL: SELECT `column_name` FROM `tuzi_column` WHERE ( 1=1 AND id='12' ) LIMIT 1   [ RunTime:0.0004s ]
NOTIC: [8] Undefined index: mapping_order D:\wamp25\www\mycms\upload\Core\Library\Think\Model\RelationModel.class.php 第 186 行.
NOTIC: [8] Undefined index: mapping_limit D:\wamp25\www\mycms\upload\Core\Library\Think\Model\RelationModel.class.php 第 187 行.
SQL: SELECT b.* FROM tuzi_attr_news AS a, tuzi_attr AS b WHERE a.attr_id = b.id AND a. news_id='30' [ RunTime:0.0004s ]
SQL: SELECT `column_name` FROM `tuzi_column` WHERE ( 1=1 AND id='12' ) LIMIT 1   [ RunTime:0.0004s ]
NOTIC: [8] Undefined index: mapping_order D:\wamp25\www\mycms\upload\Core\Library\Think\Model\RelationModel.class.php 第 186 行.
NOTIC: [8] Undefined index: mapping_limit D:\wamp25\www\mycms\upload\Core\Library\Think\Model\RelationModel.class.php 第 187 行.
SQL: SELECT b.* FROM tuzi_attr_news AS a, tuzi_attr AS b WHERE a.attr_id = b.id AND a. news_id='31' [ RunTime:0.0004s ]
SQL: SELECT `column_name` FROM `tuzi_column` WHERE ( 1=1 AND id='11' ) LIMIT 1   [ RunTime:0.0003s ]
NOTIC: [8] Undefined index: mapping_order D:\wamp25\www\mycms\upload\Core\Library\Think\Model\RelationModel.class.php 第 186 行.
NOTIC: [8] Undefined index: mapping_limit D:\wamp25\www\mycms\upload\Core\Library\Think\Model\RelationModel.class.php 第 187 行.
SQL: SELECT b.* FROM tuzi_attr_news AS a, tuzi_attr AS b WHERE a.attr_id = b.id AND a. news_id='40' [ RunTime:0.0004s ]
SQL: SELECT g.id,g.news_title,g.news_description,g.news_content,g.news_hits,g.news_addtime,g.news_updatetime,g.news_author,g.news_download,g.news_sort,g.news_pic,i.attr_color,i.attr_name,c.column_name FROM tuzi_news g LEFT JOIN tuzi_attr i ON i.id = g.news_type LEFT JOIN tuzi_column c ON c.id = g.nv_id  WHERE `nv_id` IN ('12','13','11') AND ( news_dell=0 ) ORDER BY news_sort,id desc LIMIT 0,8   [ RunTime:0.0068s ]
NOTIC: [8] Use of undefined constant detail - assumed 'detail' D:\wamp25\www\mycms\upload\App\Home\Controller\DownloadController.class.php 第 182 行.
NOTIC: [8] Use of undefined constant detail - assumed 'detail' D:\wamp25\www\mycms\upload\App\Home\Controller\DownloadController.class.php 第 182 行.
NOTIC: [8] Use of undefined constant detail - assumed 'detail' D:\wamp25\www\mycms\upload\App\Home\Controller\DownloadController.class.php 第 182 行.
NOTIC: [8] Use of undefined constant detail - assumed 'detail' D:\wamp25\www\mycms\upload\App\Home\Controller\DownloadController.class.php 第 182 行.
NOTIC: [8] Use of undefined constant detail - assumed 'detail' D:\wamp25\www\mycms\upload\App\Home\Controller\DownloadController.class.php 第 182 行.
NOTIC: [8] Use of undefined constant detail - assumed 'detail' D:\wamp25\www\mycms\upload\App\Home\Controller\DownloadController.class.php 第 182 行.
NOTIC: [8] Use of undefined constant detail - assumed 'detail' D:\wamp25\www\mycms\upload\App\Home\Controller\DownloadController.class.php 第 182 行.
INFO: [ view_parse ] --START--
INFO: [ template_filter ] --START--
INFO: Run Behavior\ContentReplaceBehavior [ RunTime:0.000251s ]
INFO: [ template_filter ] --END-- [ RunTime:0.000409s ]
SQL: SELECT `id`,`f_id`,`column_name`,`column_ename`,`column_url`,`column_type`,`column_sort`,`column_status`,`column_link` FROM `tuzi_column` WHERE ( column_status=0 ) ORDER BY column_sort  [ RunTime:0.0007s ]
SQL: SELECT `model_table` FROM `tuzi_model` WHERE ( 1=1 AND id='1' ) LIMIT 1   [ RunTime:0.0004s ]
SQL: SELECT `model_table` FROM `tuzi_model` WHERE ( 1=1 AND id='2' ) LIMIT 1   [ RunTime:0.0004s ]
SQL: SELECT `model_table` FROM `tuzi_model` WHERE ( 1=1 AND id='6' ) LIMIT 1   [ RunTime:0.0004s ]
SQL: SELECT `model_table` FROM `tuzi_model` WHERE ( 1=1 AND id='5' ) LIMIT 1   [ RunTime:0.0003s ]
SQL: SELECT `model_table` FROM `tuzi_model` WHERE ( 1=1 AND id='5' ) LIMIT 1   [ RunTime:0.0003s ]
SQL: SELECT `model_table` FROM `tuzi_model` WHERE ( 1=1 AND id='4' ) LIMIT 1   [ RunTime:0.0004s ]
SQL: SELECT `model_table` FROM `tuzi_model` WHERE ( 1=1 AND id='2' ) LIMIT 1   [ RunTime:0.0004s ]
SQL: SELECT `model_table` FROM `tuzi_model` WHERE ( 1=1 AND id='6' ) LIMIT 1   [ RunTime:0.0004s ]
SQL: SELECT `model_table` FROM `tuzi_model` WHERE ( 1=1 AND id='6' ) LIMIT 1   [ RunTime:0.0004s ]
SQL: SELECT `model_table` FROM `tuzi_model` WHERE ( 1=1 AND id='1' ) LIMIT 1   [ RunTime:0.0013s ]
SQL: SELECT `model_table` FROM `tuzi_model` WHERE ( 1=1 AND id='1' ) LIMIT 1   [ RunTime:0.0004s ]
SQL: SELECT `model_table` FROM `tuzi_model` WHERE ( 1=1 AND id='6' ) LIMIT 1   [ RunTime:0.0004s ]
SQL: SELECT `model_table` FROM `tuzi_model` WHERE ( 1=1 AND id='1' ) LIMIT 1   [ RunTime:0.0006s ]
SQL: SELECT `model_table` FROM `tuzi_model` WHERE ( 1=1 AND id='2' ) LIMIT 1   [ RunTime:0.0005s ]
SQL: SELECT `model_table` FROM `tuzi_model` WHERE ( 1=1 AND id='4' ) LIMIT 1   [ RunTime:0.0004s ]
SQL: SELECT `model_table` FROM `tuzi_model` WHERE ( 1=1 AND id='5' ) LIMIT 1   [ RunTime:0.0003s ]
SQL: SELECT `model_table` FROM `tuzi_model` WHERE ( 1=1 AND id='6' ) LIMIT 1   [ RunTime:0.0004s ]
SQL: SELECT `model_table` FROM `tuzi_model` WHERE ( 1=1 AND id='6' ) LIMIT 1   [ RunTime:0.0003s ]
SQL: SELECT `model_table` FROM `tuzi_model` WHERE ( 1=1 AND id='1' ) LIMIT 1   [ RunTime:0.0003s ]
NOTIC: [8] Use of undefined constant group - assumed 'group' D:\wamp25\www\mycms\upload\App\Runtime\Cache\Home\d2dbd72d0a6408dbb3bc35907466c87c.php 第 131 行.
NOTIC: [8] Use of undefined constant group - assumed 'group' D:\wamp25\www\mycms\upload\App\Runtime\Cache\Home\d2dbd72d0a6408dbb3bc35907466c87c.php 第 131 行.
NOTIC: [8] Use of undefined constant group - assumed 'group' D:\wamp25\www\mycms\upload\App\Runtime\Cache\Home\d2dbd72d0a6408dbb3bc35907466c87c.php 第 131 行.
NOTIC: [8] Use of undefined constant group - assumed 'group' D:\wamp25\www\mycms\upload\App\Runtime\Cache\Home\d2dbd72d0a6408dbb3bc35907466c87c.php 第 131 行.
NOTIC: [8] Use of undefined constant group - assumed 'group' D:\wamp25\www\mycms\upload\App\Runtime\Cache\Home\d2dbd72d0a6408dbb3bc35907466c87c.php 第 131 行.
NOTIC: [8] Use of undefined constant group - assumed 'group' D:\wamp25\www\mycms\upload\App\Runtime\Cache\Home\d2dbd72d0a6408dbb3bc35907466c87c.php 第 131 行.
NOTIC: [8] Use of undefined constant group - assumed 'group' D:\wamp25\www\mycms\upload\App\Runtime\Cache\Home\d2dbd72d0a6408dbb3bc35907466c87c.php 第 131 行.
NOTIC: [8] Use of undefined constant not - assumed 'not' D:\wamp25\www\mycms\upload\App\Runtime\Cache\Home\d2dbd72d0a6408dbb3bc35907466c87c.php 第 152 行.
NOTIC: [8] Undefined variable: ifid D:\wamp25\www\mycms\upload\App\Runtime\Cache\Home\d2dbd72d0a6408dbb3bc35907466c87c.php 第 152 行.
NOTIC: [8] Use of undefined constant detail - assumed 'detail' D:\wamp25\www\mycms\upload\App\Runtime\Cache\Home\d2dbd72d0a6408dbb3bc35907466c87c.php 第 156 行.
NOTIC: [8] Undefined variable: acion_name D:\wamp25\www\mycms\upload\App\Runtime\Cache\Home\d2dbd72d0a6408dbb3bc35907466c87c.php 第 156 行.
NOTIC: [8] Undefined index: news_title D:\wamp25\www\mycms\upload\App\Runtime\Cache\Home\d2dbd72d0a6408dbb3bc35907466c87c.php 第 158 行.
NOTIC: [8] Undefined variable: keyword D:\wamp25\www\mycms\upload\App\Runtime\Cache\Home\d2dbd72d0a6408dbb3bc35907466c87c.php 第 164 行.
SQL: SHOW COLUMNS FROM `tuzi_link` [ RunTime:0.0053s ]
SQL: SELECT * FROM `tuzi_link` WHERE ( link_show=0 ) ORDER BY link_sort  LIMIT 32   [ RunTime:0.0007s ]
SQL: SHOW COLUMNS FROM `tuzi_kefu` [ RunTime:0.0079s ]
SQL: SELECT * FROM `tuzi_kefu` ORDER BY id LIMIT 0,3   [ RunTime:0.0004s ]
INFO: Run Behavior\ParseTemplateBehavior [ RunTime:0.079484s ]
INFO: [ view_parse ] --END-- [ RunTime:0.079640s ]
INFO: [ view_filter ] --START--
INFO: Run Behavior\WriteHtmlCacheBehavior [ RunTime:0.001556s ]
INFO: Run Behavior\TokenBuildBehavior [ RunTime:0.001179s ]
INFO: [ view_filter ] --END-- [ RunTime:0.003156s ]
INFO: [ app_end ] --START--
INFO: Run Behavior\ShowPageTraceBehavior [ RunTime:0.001452s ]
INFO: [ app_end ] --END-- [ RunTime:0.001662s ]

[ 2015-12-28T23:25:33+08:00 ] ::1 /mycms/upload/index.php/common/loginchk.html
INFO: [ app_init ] --START--
INFO: Run Behavior\BuildLiteBehavior [ RunTime:0.000044s ]
INFO: [ app_init ] --END-- [ RunTime:0.000821s ]
INFO: [ app_begin ] --START--
INFO: Run Behavior\ReadHtmlCacheBehavior [ RunTime:0.001639s ]
INFO: [ app_begin ] --END-- [ RunTime:0.001860s ]
NOTIC: [8] Undefined index: uid D:\wamp25\www\mycms\upload\App\Home\Controller\CommonController.class.php 第 307 行.
NOTIC: [8] Undefined index: user_email D:\wamp25\www\mycms\upload\App\Home\Controller\CommonController.class.php 第 308 行.
NOTIC: [8] Undefined index: user_name D:\wamp25\www\mycms\upload\App\Home\Controller\CommonController.class.php 第 309 行.

